# JRE version: OpenJDK Runtime Environment (8.0_242-b01) (build 1.8.0_242-release-1644-b01)
# Java VM: OpenJDK 64-Bit Server VM (25.242-b01 mixed mode windows-amd64 compressed oops)
Heap:
 PSYoungGen      total 323072K, used 100742K [0x00000000d5580000, 0x00000000f0b80000, 0x0000000100000000)
  eden space 272384K, 33% used [0x00000000d5580000,0x00000000dafe4430,0x00000000e5f80000)
  from space 50688K, 16% used [0x00000000e9100000,0x00000000e98fd778,0x00000000ec280000)
  to   space 50688K, 0% used [0x00000000e5f80000,0x00000000e5f80000,0x00000000e9100000)
 ParOldGen       total 134144K, used 67690K [0x0000000080000000, 0x0000000088300000, 0x00000000d5580000)
  object space 134144K, 50% used [0x0000000080000000,0x000000008421a820,0x0000000088300000)
 Metaspace       used 93237K, capacity 97640K, committed 98992K, reserved 1134592K
  class space    used 11852K, capacity 12639K, committed 12976K, reserved 1048576K
GC Heap History (10 events):
Event: 2700.602 GC heap before
{Heap before GC invocations=24 (full 3):
 PSYoungGen      total 255488K, used 51518K [0x00000000d5580000, 0x00000000e8f80000, 0x0000000100000000)
  eden space 210432K, 6% used [0x00000000d5580000,0x00000000d62f1f60,0x00000000e2300000)
  from space 45056K, 83% used [0x00000000e5300000,0x00000000e77dd998,0x00000000e7f00000)
  to   space 49152K, 0% used [0x00000000e2300000,0x00000000e2300000,0x00000000e5300000)
 ParOldGen       total 134144K, used 77271K [0x0000000080000000, 0x0000000088300000, 0x00000000d5580000)
  object space 134144K, 57% used [0x0000000080000000,0x0000000084b75ee0,0x0000000088300000)
 Metaspace       used 93355K, capacity 98500K, committed 98600K, reserved 1134592K
  class space    used 11995K, capacity 12885K, committed 12976K, reserved 1048576K
Event: 2700.649 GC heap after
Heap after GC invocations=24 (full 3):
 PSYoungGen      total 259584K, used 34600K [0x00000000d5580000, 0x00000000ec280000, 0x0000000100000000)
  eden space 210432K, 0% used [0x00000000d5580000,0x00000000d5580000,0x00000000e2300000)
  from space 49152K, 70% used [0x00000000e2300000,0x00000000e44ca110,0x00000000e5300000)
  to   space 50688K, 0% used [0x00000000e9100000,0x00000000e9100000,0x00000000ec280000)
 ParOldGen       total 134144K, used 80199K [0x0000000080000000, 0x0000000088300000, 0x00000000d5580000)
  object space 134144K, 59% used [0x0000000080000000,0x0000000084e51f40,0x0000000088300000)
 Metaspace       used 93355K, capacity 98500K, committed 98600K, reserved 1134592K
  class space    used 11995K, capacity 12885K, committed 12976K, reserved 1048576K
}
Event: 2700.649 GC heap before
{Heap before GC invocations=25 (full 4):
 PSYoungGen      total 259584K, used 34600K [0x00000000d5580000, 0x00000000ec280000, 0x0000000100000000)
  eden space 210432K, 0% used [0x00000000d5580000,0x00000000d5580000,0x00000000e2300000)
  from space 49152K, 70% used [0x00000000e2300000,0x00000000e44ca110,0x00000000e5300000)
  to   space 50688K, 0% used [0x00000000e9100000,0x00000000e9100000,0x00000000ec280000)
 ParOldGen       total 134144K, used 80199K [0x0000000080000000, 0x0000000088300000, 0x00000000d5580000)
  object space 134144K, 59% used [0x0000000080000000,0x0000000084e51f40,0x0000000088300000)
 Metaspace       used 93355K, capacity 98500K, committed 98600K, reserved 1134592K
  class space    used 11995K, capacity 12885K, committed 12976K, reserved 1048576K
Event: 2701.477 GC heap after
Heap after GC invocations=25 (full 4):
 PSYoungGen      total 259584K, used 0K [0x00000000d5580000, 0x00000000ec280000, 0x0000000100000000)
  eden space 210432K, 0% used [0x00000000d5580000,0x00000000d5580000,0x00000000e2300000)
  from space 49152K, 0% used [0x00000000e2300000,0x00000000e2300000,0x00000000e5300000)
  to   space 50688K, 0% used [0x00000000e9100000,0x00000000e9100000,0x00000000ec280000)
 ParOldGen       total 134144K, used 66010K [0x0000000080000000, 0x0000000088300000, 0x00000000d5580000)
  object space 134144K, 49% used [0x0000000080000000,0x0000000084076b20,0x0000000088300000)
 Metaspace       used 92827K, capacity 97140K, committed 98600K, reserved 1134592K
  class space    used 11831K, capacity 12595K, committed 12976K, reserved 1048576K
}
Event: 2703.482 GC heap before
{Heap before GC invocations=26 (full 4):
 PSYoungGen      total 259584K, used 210432K [0x00000000d5580000, 0x00000000ec280000, 0x0000000100000000)
  eden space 210432K, 100% used [0x00000000d5580000,0x00000000e2300000,0x00000000e2300000)
  from space 49152K, 0% used [0x00000000e2300000,0x00000000e2300000,0x00000000e5300000)
  to   space 50688K, 0% used [0x00000000e9100000,0x00000000e9100000,0x00000000ec280000)
 ParOldGen       total 134144K, used 66010K [0x0000000080000000, 0x0000000088300000, 0x00000000d5580000)
  object space 134144K, 49% used [0x0000000080000000,0x0000000084076b20,0x0000000088300000)
 Metaspace       used 92969K, capacity 97344K, committed 98856K, reserved 1134592K
  class space    used 11840K, capacity 12605K, committed 12976K, reserved 1048576K
Event: 2703.497 GC heap after
Heap after GC invocations=26 (full 4):
 PSYoungGen      total 322048K, used 2064K [0x00000000d5580000, 0x00000000ec500000, 0x0000000100000000)
  eden space 271360K, 0% used [0x00000000d5580000,0x00000000d5580000,0x00000000e5e80000)
  from space 50688K, 4% used [0x00000000e9100000,0x00000000e9304020,0x00000000ec280000)
  to   space 51712K, 0% used [0x00000000e5e80000,0x00000000e5e80000,0x00000000e9100000)
 ParOldGen       total 134144K, used 66010K [0x0000000080000000, 0x0000000088300000, 0x00000000d5580000)
  object space 134144K, 49% used [0x0000000080000000,0x0000000084076b20,0x0000000088300000)
 Metaspace       used 92969K, capacity 97344K, committed 98856K, reserved 1134592K
  class space    used 11840K, capacity 12605K, committed 12976K, reserved 1048576K
}
Event: 2705.083 GC heap before
{Heap before GC invocations=27 (full 4):
 PSYoungGen      total 322048K, used 273424K [0x00000000d5580000, 0x00000000ec500000, 0x0000000100000000)
  eden space 271360K, 100% used [0x00000000d5580000,0x00000000e5e80000,0x00000000e5e80000)
  from space 50688K, 4% used [0x00000000e9100000,0x00000000e9304020,0x00000000ec280000)
  to   space 51712K, 0% used [0x00000000e5e80000,0x00000000e5e80000,0x00000000e9100000)
 ParOldGen       total 134144K, used 66010K [0x0000000080000000, 0x0000000088300000, 0x00000000d5580000)
  object space 134144K, 49% used [0x0000000080000000,0x0000000084076b20,0x0000000088300000)
 Metaspace       used 93127K, capacity 97540K, committed 98856K, reserved 1134592K
  class space    used 11850K, capacity 12637K, committed 12976K, reserved 1048576K
Event: 2705.099 GC heap after
Heap after GC invocations=27 (full 4):
 PSYoungGen      total 323072K, used 4352K [0x00000000d5580000, 0x00000000ec500000, 0x0000000100000000)
  eden space 271360K, 0% used [0x00000000d5580000,0x00000000d5580000,0x00000000e5e80000)
  from space 51712K, 8% used [0x00000000e5e80000,0x00000000e62c0000,0x00000000e9100000)
  to   space 50688K, 0% used [0x00000000e9100000,0x00000000e9100000,0x00000000ec280000)
 ParOldGen       total 134144K, used 66010K [0x0000000080000000, 0x0000000088300000, 0x00000000d5580000)
  object space 134144K, 49% used [0x0000000080000000,0x0000000084076b20,0x0000000088300000)
 Metaspace       used 93127K, capacity 97540K, committed 98856K, reserved 1134592K
  class space    used 11850K, capacity 12637K, committed 12976K, reserved 1048576K
}
Event: 2706.809 GC heap before
{Heap before GC invocations=28 (full 4):
 PSYoungGen      total 323072K, used 275712K [0x00000000d5580000, 0x00000000ec500000, 0x0000000100000000)
  eden space 271360K, 100% used [0x00000000d5580000,0x00000000e5e80000,0x00000000e5e80000)
  from space 51712K, 8% used [0x00000000e5e80000,0x00000000e62c0000,0x00000000e9100000)
  to   space 50688K, 0% used [0x00000000e9100000,0x00000000e9100000,0x00000000ec280000)
 ParOldGen       total 134144K, used 66010K [0x0000000080000000, 0x0000000088300000, 0x00000000d5580000)
  object space 134144K, 49% used [0x0000000080000000,0x0000000084076b20,0x0000000088300000)
 Metaspace       used 93208K, capacity 97624K, committed 98992K, reserved 1134592K
  class space    used 11851K, capacity 12637K, committed 12976K, reserved 1048576K
Event: 2706.850 GC heap after
Heap after GC invocations=28 (full 4):
 PSYoungGen      total 323072K, used 8181K [0x00000000d5580000, 0x00000000f0b80000, 0x0000000100000000)
  eden space 272384K, 0% used [0x00000000d5580000,0x00000000d5580000,0x00000000e5f80000)
  from space 50688K, 16% used [0x00000000e9100000,0x00000000e98fd778,0x00000000ec280000)
  to   space 50688K, 0% used [0x00000000e5f80000,0x00000000e5f80000,0x00000000e9100000)
 ParOldGen       total 134144K, used 67690K [0x0000000080000000, 0x0000000088300000, 0x00000000d5580000)
  object space 134144K, 50% used [0x0000000080000000,0x000000008421a820,0x0000000088300000)
 Metaspace       used 93208K, capacity 97624K, committed 98992K, reserved 1134592K
  class space    used 11851K, capacity 12637K, committed 12976K, reserved 1048576K
}

