# JRE version: OpenJDK Runtime Environment (8.0_242-b01) (build 1.8.0_242-release-1644-b01)
# Java VM: OpenJDK 64-Bit Server VM (25.242-b01 mixed mode windows-amd64 compressed oops)
Heap:
 PSYoungGen      total 191488K, used 125686K [0x00000000d5580000, 0x00000000e4800000, 0x0000000100000000)
  eden space 172032K, 64% used [0x00000000d5580000,0x00000000dc1bd308,0x00000000dfd80000)
  from space 19456K, 76% used [0x00000000dfd80000,0x00000000e0c00640,0x00000000e1080000)
  to   space 20480K, 0% used [0x00000000e3400000,0x00000000e3400000,0x00000000e4800000)
 ParOldGen       total 131584K, used 29080K [0x0000000080000000, 0x0000000088080000, 0x00000000d5580000)
  object space 131584K, 22% used [0x0000000080000000,0x0000000081c66218,0x0000000088080000)
 Metaspace       used 64608K, capacity 67354K, committed 67496K, reserved 1107968K
  class space    used 8766K, capacity 9348K, committed 9384K, reserved 1048576K
GC Heap History (10 events):
Event: 11.669 GC heap before
{Heap before GC invocations=12 (full 2):
 PSYoungGen      total 117760K, used 105984K [0x00000000d5580000, 0x00000000dfe00000, 0x0000000100000000)
  eden space 105984K, 100% used [0x00000000d5580000,0x00000000dbd00000,0x00000000dbd00000)
  from space 11776K, 0% used [0x00000000dbd00000,0x00000000dbd00000,0x00000000dc880000)
  to   space 12288K, 0% used [0x00000000df200000,0x00000000df200000,0x00000000dfe00000)
 ParOldGen       total 88576K, used 15498K [0x0000000080000000, 0x0000000085680000, 0x00000000d5580000)
  object space 88576K, 17% used [0x0000000080000000,0x0000000080f228e8,0x0000000085680000)
 Metaspace       used 44076K, capacity 45414K, committed 45480K, reserved 1089536K
  class space    used 5954K, capacity 6289K, committed 6312K, reserved 1048576K
Event: 11.694 GC heap after
Heap after GC invocations=12 (full 2):
 PSYoungGen      total 147968K, used 12262K [0x00000000d5580000, 0x00000000dfe00000, 0x0000000100000000)
  eden space 135680K, 0% used [0x00000000d5580000,0x00000000d5580000,0x00000000dda00000)
  from space 12288K, 99% used [0x00000000df200000,0x00000000dfdf9aa0,0x00000000dfe00000)
  to   space 14336K, 0% used [0x00000000de200000,0x00000000de200000,0x00000000df000000)
 ParOldGen       total 88576K, used 18067K [0x0000000080000000, 0x0000000085680000, 0x00000000d5580000)
  object space 88576K, 20% used [0x0000000080000000,0x00000000811a4f70,0x0000000085680000)
 Metaspace       used 44076K, capacity 45414K, committed 45480K, reserved 1089536K
  class space    used 5954K, capacity 6289K, committed 6312K, reserved 1048576K
}
Event: 14.997 GC heap before
{Heap before GC invocations=13 (full 2):
 PSYoungGen      total 147968K, used 147942K [0x00000000d5580000, 0x00000000dfe00000, 0x0000000100000000)
  eden space 135680K, 100% used [0x00000000d5580000,0x00000000dda00000,0x00000000dda00000)
  from space 12288K, 99% used [0x00000000df200000,0x00000000dfdf9aa0,0x00000000dfe00000)
  to   space 14336K, 0% used [0x00000000de200000,0x00000000de200000,0x00000000df000000)
 ParOldGen       total 88576K, used 18067K [0x0000000080000000, 0x0000000085680000, 0x00000000d5580000)
  object space 88576K, 20% used [0x0000000080000000,0x00000000811a4f70,0x0000000085680000)
 Metaspace       used 55495K, capacity 57362K, committed 57512K, reserved 1099776K
  class space    used 7579K, capacity 7996K, committed 8104K, reserved 1048576K
Event: 15.037 GC heap after
Heap after GC invocations=13 (full 2):
 PSYoungGen      total 158208K, used 14333K [0x00000000d5580000, 0x00000000e2380000, 0x0000000100000000)
  eden space 143872K, 0% used [0x00000000d5580000,0x00000000d5580000,0x00000000de200000)
  from space 14336K, 99% used [0x00000000de200000,0x00000000defff4b8,0x00000000df000000)
  to   space 19456K, 0% used [0x00000000e1080000,0x00000000e1080000,0x00000000e2380000)
 ParOldGen       total 88576K, used 26398K [0x0000000080000000, 0x0000000085680000, 0x00000000d5580000)
  object space 88576K, 29% used [0x0000000080000000,0x00000000819c7858,0x0000000085680000)
 Metaspace       used 55495K, capacity 57362K, committed 57512K, reserved 1099776K
  class space    used 7579K, capacity 7996K, committed 8104K, reserved 1048576K
}
Event: 15.612 GC heap before
{Heap before GC invocations=14 (full 2):
 PSYoungGen      total 158208K, used 38548K [0x00000000d5580000, 0x00000000e2380000, 0x0000000100000000)
  eden space 143872K, 16% used [0x00000000d5580000,0x00000000d6d25d10,0x00000000de200000)
  from space 14336K, 99% used [0x00000000de200000,0x00000000defff4b8,0x00000000df000000)
  to   space 19456K, 0% used [0x00000000e1080000,0x00000000e1080000,0x00000000e2380000)
 ParOldGen       total 88576K, used 26398K [0x0000000080000000, 0x0000000085680000, 0x00000000d5580000)
  object space 88576K, 29% used [0x0000000080000000,0x00000000819c7858,0x0000000085680000)
 Metaspace       used 57117K, capacity 59036K, committed 59160K, reserved 1099776K
  class space    used 7829K, capacity 8283K, committed 8360K, reserved 1048576K
Event: 15.634 GC heap after
Heap after GC invocations=14 (full 2):
 PSYoungGen      total 191488K, used 2496K [0x00000000d5580000, 0x00000000e3380000, 0x0000000100000000)
  eden space 172032K, 0% used [0x00000000d5580000,0x00000000d5580000,0x00000000dfd80000)
  from space 19456K, 12% used [0x00000000e1080000,0x00000000e12f02b8,0x00000000e2380000)
  to   space 19456K, 0% used [0x00000000dfd80000,0x00000000dfd80000,0x00000000e1080000)
 ParOldGen       total 88576K, used 33947K [0x0000000080000000, 0x0000000085680000, 0x00000000d5580000)
  object space 88576K, 38% used [0x0000000080000000,0x0000000082126f78,0x0000000085680000)
 Metaspace       used 57117K, capacity 59036K, committed 59160K, reserved 1099776K
  class space    used 7829K, capacity 8283K, committed 8360K, reserved 1048576K
}
Event: 15.634 GC heap before
{Heap before GC invocations=15 (full 3):
 PSYoungGen      total 191488K, used 2496K [0x00000000d5580000, 0x00000000e3380000, 0x0000000100000000)
  eden space 172032K, 0% used [0x00000000d5580000,0x00000000d5580000,0x00000000dfd80000)
  from space 19456K, 12% used [0x00000000e1080000,0x00000000e12f02b8,0x00000000e2380000)
  to   space 19456K, 0% used [0x00000000dfd80000,0x00000000dfd80000,0x00000000e1080000)
 ParOldGen       total 88576K, used 33947K [0x0000000080000000, 0x0000000085680000, 0x00000000d5580000)
  object space 88576K, 38% used [0x0000000080000000,0x0000000082126f78,0x0000000085680000)
 Metaspace       used 57117K, capacity 59036K, committed 59160K, reserved 1099776K
  class space    used 7829K, capacity 8283K, committed 8360K, reserved 1048576K
Event: 16.034 GC heap after
Heap after GC invocations=15 (full 3):
 PSYoungGen      total 191488K, used 0K [0x00000000d5580000, 0x00000000e3380000, 0x0000000100000000)
  eden space 172032K, 0% used [0x00000000d5580000,0x00000000d5580000,0x00000000dfd80000)
  from space 19456K, 0% used [0x00000000e1080000,0x00000000e1080000,0x00000000e2380000)
  to   space 19456K, 0% used [0x00000000dfd80000,0x00000000dfd80000,0x00000000e1080000)
 ParOldGen       total 131584K, used 29072K [0x0000000080000000, 0x0000000088080000, 0x00000000d5580000)
  object space 131584K, 22% used [0x0000000080000000,0x0000000081c64218,0x0000000088080000)
 Metaspace       used 57110K, capacity 59012K, committed 59160K, reserved 1099776K
  class space    used 7827K, capacity 8279K, committed 8360K, reserved 1048576K
}
Event: 24.501 GC heap before
{Heap before GC invocations=16 (full 3):
 PSYoungGen      total 191488K, used 172032K [0x00000000d5580000, 0x00000000e3380000, 0x0000000100000000)
  eden space 172032K, 100% used [0x00000000d5580000,0x00000000dfd80000,0x00000000dfd80000)
  from space 19456K, 0% used [0x00000000e1080000,0x00000000e1080000,0x00000000e2380000)
  to   space 19456K, 0% used [0x00000000dfd80000,0x00000000dfd80000,0x00000000e1080000)
 ParOldGen       total 131584K, used 29072K [0x0000000080000000, 0x0000000088080000, 0x00000000d5580000)
  object space 131584K, 22% used [0x0000000080000000,0x0000000081c64218,0x0000000088080000)
 Metaspace       used 61413K, capacity 64074K, committed 64424K, reserved 1103872K
  class space    used 8437K, capacity 9004K, committed 9128K, reserved 1048576K
Event: 24.524 GC heap after
Heap after GC invocations=16 (full 3):
 PSYoungGen      total 191488K, used 14849K [0x00000000d5580000, 0x00000000e4800000, 0x0000000100000000)
  eden space 172032K, 0% used [0x00000000d5580000,0x00000000d5580000,0x00000000dfd80000)
  from space 19456K, 76% used [0x00000000dfd80000,0x00000000e0c00640,0x00000000e1080000)
  to   space 20480K, 0% used [0x00000000e3400000,0x00000000e3400000,0x00000000e4800000)
 ParOldGen       total 131584K, used 29080K [0x0000000080000000, 0x0000000088080000, 0x00000000d5580000)
  object space 131584K, 22% used [0x0000000080000000,0x0000000081c66218,0x0000000088080000)
 Metaspace       used 61413K, capacity 64074K, committed 64424K, reserved 1103872K
  class space    used 8437K, capacity 9004K, committed 9128K, reserved 1048576K
}

