# JRE version: OpenJDK Runtime Environment (8.0_242-b01) (build 1.8.0_242-release-1644-b01)
# Java VM: OpenJDK 64-Bit Server VM (25.242-b01 mixed mode windows-amd64 compressed oops)
Heap:
 PSYoungGen      total 260096K, used 141808K [0x00000000d5580000, 0x00000000e8180000, 0x0000000100000000)
  eden space 234496K, 60% used [0x00000000d5580000,0x00000000ddffc258,0x00000000e3a80000)
  from space 25600K, 0% used [0x00000000e6880000,0x00000000e6880000,0x00000000e8180000)
  to   space 36352K, 0% used [0x00000000e3a80000,0x00000000e3a80000,0x00000000e5e00000)
 ParOldGen       total 202240K, used 54725K [0x0000000080000000, 0x000000008c580000, 0x00000000d5580000)
  object space 202240K, 27% used [0x0000000080000000,0x0000000083571598,0x000000008c580000)
 Metaspace       used 86944K, capacity 90266K, committed 93336K, reserved 1130496K
  class space    used 11190K, capacity 11874K, committed 12440K, reserved 1048576K
GC Heap History (10 events):
Event: 31.910 GC heap before
{Heap before GC invocations=14 (full 3):
 PSYoungGen      total 223232K, used 203776K [0x00000000d5580000, 0x00000000e6d80000, 0x0000000100000000)
  eden space 203776K, 100% used [0x00000000d5580000,0x00000000e1c80000,0x00000000e1c80000)
  from space 19456K, 0% used [0x00000000e3080000,0x00000000e3080000,0x00000000e4380000)
  to   space 20480K, 0% used [0x00000000e1c80000,0x00000000e1c80000,0x00000000e3080000)
 ParOldGen       total 90112K, used 35276K [0x0000000080000000, 0x0000000085800000, 0x00000000d5580000)
  object space 90112K, 39% used [0x0000000080000000,0x0000000082273360,0x0000000085800000)
 Metaspace       used 68407K, capacity 70872K, committed 71064K, reserved 1110016K
  class space    used 9338K, capacity 9865K, committed 9880K, reserved 1048576K
Event: 31.938 GC heap after
Heap after GC invocations=14 (full 3):
 PSYoungGen      total 224256K, used 17919K [0x00000000d5580000, 0x00000000e8000000, 0x0000000100000000)
  eden space 203776K, 0% used [0x00000000d5580000,0x00000000d5580000,0x00000000e1c80000)
  from space 20480K, 87% used [0x00000000e1c80000,0x00000000e2dfff50,0x00000000e3080000)
  to   space 22528K, 0% used [0x00000000e6a00000,0x00000000e6a00000,0x00000000e8000000)
 ParOldGen       total 90112K, used 35284K [0x0000000080000000, 0x0000000085800000, 0x00000000d5580000)
  object space 90112K, 39% used [0x0000000080000000,0x0000000082275360,0x0000000085800000)
 Metaspace       used 68407K, capacity 70872K, committed 71064K, reserved 1110016K
  class space    used 9338K, capacity 9865K, committed 9880K, reserved 1048576K
}
Event: 474.341 GC heap before
{Heap before GC invocations=15 (full 3):
 PSYoungGen      total 224256K, used 221695K [0x00000000d5580000, 0x00000000e8000000, 0x0000000100000000)
  eden space 203776K, 100% used [0x00000000d5580000,0x00000000e1c80000,0x00000000e1c80000)
  from space 20480K, 87% used [0x00000000e1c80000,0x00000000e2dfff50,0x00000000e3080000)
  to   space 22528K, 0% used [0x00000000e6a00000,0x00000000e6a00000,0x00000000e8000000)
 ParOldGen       total 90112K, used 35284K [0x0000000080000000, 0x0000000085800000, 0x00000000d5580000)
  object space 90112K, 39% used [0x0000000080000000,0x0000000082275360,0x0000000085800000)
 Metaspace       used 81116K, capacity 84398K, committed 84632K, reserved 1122304K
  class space    used 10718K, capacity 11407K, committed 11416K, reserved 1048576K
Event: 474.378 GC heap after
Heap after GC invocations=15 (full 3):
 PSYoungGen      total 274944K, used 22515K [0x00000000d5580000, 0x00000000e8300000, 0x0000000100000000)
  eden space 252416K, 0% used [0x00000000d5580000,0x00000000d5580000,0x00000000e4c00000)
  from space 22528K, 99% used [0x00000000e6a00000,0x00000000e7ffcdb8,0x00000000e8000000)
  to   space 28160K, 0% used [0x00000000e4c00000,0x00000000e4c00000,0x00000000e6780000)
 ParOldGen       total 90112K, used 42113K [0x0000000080000000, 0x0000000085800000, 0x00000000d5580000)
  object space 90112K, 46% used [0x0000000080000000,0x00000000829205d0,0x0000000085800000)
 Metaspace       used 81116K, capacity 84398K, committed 84632K, reserved 1122304K
  class space    used 10718K, capacity 11407K, committed 11416K, reserved 1048576K
}
Event: 6642.244 GC heap before
{Heap before GC invocations=16 (full 3):
 PSYoungGen      total 274944K, used 274931K [0x00000000d5580000, 0x00000000e8300000, 0x0000000100000000)
  eden space 252416K, 100% used [0x00000000d5580000,0x00000000e4c00000,0x00000000e4c00000)
  from space 22528K, 99% used [0x00000000e6a00000,0x00000000e7ffcdb8,0x00000000e8000000)
  to   space 28160K, 0% used [0x00000000e4c00000,0x00000000e4c00000,0x00000000e6780000)
 ParOldGen       total 90112K, used 42113K [0x0000000080000000, 0x0000000085800000, 0x00000000d5580000)
  object space 90112K, 46% used [0x0000000080000000,0x00000000829205d0,0x0000000085800000)
 Metaspace       used 85424K, capacity 89146K, committed 89368K, reserved 1126400K
  class space    used 11200K, capacity 11971K, committed 12056K, reserved 1048576K
Event: 6642.427 GC heap after
Heap after GC invocations=16 (full 3):
 PSYoungGen      total 271360K, used 28148K [0x00000000d5580000, 0x00000000e8e00000, 0x0000000100000000)
  eden space 243200K, 0% used [0x00000000d5580000,0x00000000d5580000,0x00000000e4300000)
  from space 28160K, 99% used [0x00000000e4c00000,0x00000000e677d238,0x00000000e6780000)
  to   space 38400K, 0% used [0x00000000e6880000,0x00000000e6880000,0x00000000e8e00000)
 ParOldGen       total 90112K, used 59773K [0x0000000080000000, 0x0000000085800000, 0x00000000d5580000)
  object space 90112K, 66% used [0x0000000080000000,0x0000000083a5f7d0,0x0000000085800000)
 Metaspace       used 85424K, capacity 89146K, committed 89368K, reserved 1126400K
  class space    used 11200K, capacity 11971K, committed 12056K, reserved 1048576K
}
Event: 7048.457 GC heap before
{Heap before GC invocations=17 (full 3):
 PSYoungGen      total 271360K, used 271348K [0x00000000d5580000, 0x00000000e8e00000, 0x0000000100000000)
  eden space 243200K, 100% used [0x00000000d5580000,0x00000000e4300000,0x00000000e4300000)
  from space 28160K, 99% used [0x00000000e4c00000,0x00000000e677d238,0x00000000e6780000)
  to   space 38400K, 0% used [0x00000000e6880000,0x00000000e6880000,0x00000000e8e00000)
 ParOldGen       total 90112K, used 59773K [0x0000000080000000, 0x0000000085800000, 0x00000000d5580000)
  object space 90112K, 66% used [0x0000000080000000,0x0000000083a5f7d0,0x0000000085800000)
 Metaspace       used 89179K, capacity 93176K, committed 93336K, reserved 1130496K
  class space    used 11562K, capacity 12388K, committed 12440K, reserved 1048576K
Event: 7048.519 GC heap after
Heap after GC invocations=17 (full 3):
 PSYoungGen      total 260096K, used 16685K [0x00000000d5580000, 0x00000000e8180000, 0x0000000100000000)
  eden space 234496K, 0% used [0x00000000d5580000,0x00000000d5580000,0x00000000e3a80000)
  from space 25600K, 65% used [0x00000000e6880000,0x00000000e78cb5f0,0x00000000e8180000)
  to   space 36352K, 0% used [0x00000000e3a80000,0x00000000e3a80000,0x00000000e5e00000)
 ParOldGen       total 90112K, used 87371K [0x0000000080000000, 0x0000000085800000, 0x00000000d5580000)
  object space 90112K, 96% used [0x0000000080000000,0x0000000085552f18,0x0000000085800000)
 Metaspace       used 89179K, capacity 93176K, committed 93336K, reserved 1130496K
  class space    used 11562K, capacity 12388K, committed 12440K, reserved 1048576K
}
Event: 7048.519 GC heap before
{Heap before GC invocations=18 (full 4):
 PSYoungGen      total 260096K, used 16685K [0x00000000d5580000, 0x00000000e8180000, 0x0000000100000000)
  eden space 234496K, 0% used [0x00000000d5580000,0x00000000d5580000,0x00000000e3a80000)
  from space 25600K, 65% used [0x00000000e6880000,0x00000000e78cb5f0,0x00000000e8180000)
  to   space 36352K, 0% used [0x00000000e3a80000,0x00000000e3a80000,0x00000000e5e00000)
 ParOldGen       total 90112K, used 87371K [0x0000000080000000, 0x0000000085800000, 0x00000000d5580000)
  object space 90112K, 96% used [0x0000000080000000,0x0000000085552f18,0x0000000085800000)
 Metaspace       used 89179K, capacity 93176K, committed 93336K, reserved 1130496K
  class space    used 11562K, capacity 12388K, committed 12440K, reserved 1048576K
Event: 7049.087 GC heap after
Heap after GC invocations=18 (full 4):
 PSYoungGen      total 260096K, used 0K [0x00000000d5580000, 0x00000000e8180000, 0x0000000100000000)
  eden space 234496K, 0% used [0x00000000d5580000,0x00000000d5580000,0x00000000e3a80000)
  from space 25600K, 0% used [0x00000000e6880000,0x00000000e6880000,0x00000000e8180000)
  to   space 36352K, 0% used [0x00000000e3a80000,0x00000000e3a80000,0x00000000e5e00000)
 ParOldGen       total 202240K, used 54725K [0x0000000080000000, 0x000000008c580000, 0x00000000d5580000)
  object space 202240K, 27% used [0x0000000080000000,0x0000000083571598,0x000000008c580000)
 Metaspace       used 86189K, capacity 89360K, committed 93336K, reserved 1130496K
  class space    used 11113K, capacity 11769K, committed 12440K, reserved 1048576K
}

