# JRE version: OpenJDK Runtime Environment (8.0_242-b01) (build 1.8.0_242-release-1644-b01)
# Java VM: OpenJDK 64-Bit Server VM (25.242-b01 mixed mode windows-amd64 compressed oops)
Heap:
 PSYoungGen      total 197120K, used 150073K [0x00000000d5580000, 0x00000000e6000000, 0x0000000100000000)
  eden space 177664K, 74% used [0x00000000d5580000,0x00000000dd733d50,0x00000000e0300000)
  from space 19456K, 88% used [0x00000000e0300000,0x00000000e13da798,0x00000000e1600000)
  to   space 21504K, 0% used [0x00000000e4b00000,0x00000000e4b00000,0x00000000e6000000)
 ParOldGen       total 121856K, used 28710K [0x0000000080000000, 0x0000000087700000, 0x00000000d5580000)
  object space 121856K, 23% used [0x0000000080000000,0x0000000081c09be0,0x0000000087700000)
 Metaspace       used 67433K, capacity 70258K, committed 70440K, reserved 1110016K
  class space    used 9124K, capacity 9676K, committed 9768K, reserved 1048576K
GC Heap History (10 events):
Event: 18.026 GC heap before
{Heap before GC invocations=12 (full 2):
 PSYoungGen      total 118784K, used 107005K [0x00000000d5580000, 0x00000000dfd80000, 0x0000000100000000)
  eden space 107008K, 99% used [0x00000000d5580000,0x00000000dbdff5e8,0x00000000dbe00000)
  from space 11776K, 0% used [0x00000000dbe00000,0x00000000dbe00000,0x00000000dc980000)
  to   space 12288K, 0% used [0x00000000df180000,0x00000000df180000,0x00000000dfd80000)
 ParOldGen       total 86016K, used 15559K [0x0000000080000000, 0x0000000085400000, 0x00000000d5580000)
  object space 86016K, 18% used [0x0000000080000000,0x0000000080f31ef8,0x0000000085400000)
 Metaspace       used 44245K, capacity 45584K, committed 45736K, reserved 1089536K
  class space    used 5987K, capacity 6304K, committed 6312K, reserved 1048576K
Event: 18.052 GC heap after
Heap after GC invocations=12 (full 2):
 PSYoungGen      total 150528K, used 12278K [0x00000000d5580000, 0x00000000dfd80000, 0x0000000100000000)
  eden space 138240K, 0% used [0x00000000d5580000,0x00000000d5580000,0x00000000ddc80000)
  from space 12288K, 99% used [0x00000000df180000,0x00000000dfd7d8e8,0x00000000dfd80000)
  to   space 14336K, 0% used [0x00000000de180000,0x00000000de180000,0x00000000def80000)
 ParOldGen       total 86016K, used 17218K [0x0000000080000000, 0x0000000085400000, 0x00000000d5580000)
  object space 86016K, 20% used [0x0000000080000000,0x00000000810d0ad8,0x0000000085400000)
 Metaspace       used 44245K, capacity 45584K, committed 45736K, reserved 1089536K
  class space    used 5987K, capacity 6304K, committed 6312K, reserved 1048576K
}
Event: 21.183 GC heap before
{Heap before GC invocations=13 (full 2):
 PSYoungGen      total 150528K, used 150518K [0x00000000d5580000, 0x00000000dfd80000, 0x0000000100000000)
  eden space 138240K, 100% used [0x00000000d5580000,0x00000000ddc80000,0x00000000ddc80000)
  from space 12288K, 99% used [0x00000000df180000,0x00000000dfd7d8e8,0x00000000dfd80000)
  to   space 14336K, 0% used [0x00000000de180000,0x00000000de180000,0x00000000def80000)
 ParOldGen       total 86016K, used 17218K [0x0000000080000000, 0x0000000085400000, 0x00000000d5580000)
  object space 86016K, 20% used [0x0000000080000000,0x00000000810d0ad8,0x0000000085400000)
 Metaspace       used 55776K, capacity 57524K, committed 57768K, reserved 1099776K
  class space    used 7646K, capacity 8071K, committed 8104K, reserved 1048576K
Event: 21.222 GC heap after
Heap after GC invocations=13 (full 2):
 PSYoungGen      total 157696K, used 14324K [0x00000000d5580000, 0x00000000e2880000, 0x0000000100000000)
  eden space 143360K, 0% used [0x00000000d5580000,0x00000000d5580000,0x00000000de180000)
  from space 14336K, 99% used [0x00000000de180000,0x00000000def7d050,0x00000000def80000)
  to   space 18944K, 0% used [0x00000000e1600000,0x00000000e1600000,0x00000000e2880000)
 ParOldGen       total 86016K, used 25700K [0x0000000080000000, 0x0000000085400000, 0x00000000d5580000)
  object space 86016K, 29% used [0x0000000080000000,0x0000000081919348,0x0000000085400000)
 Metaspace       used 55776K, capacity 57524K, committed 57768K, reserved 1099776K
  class space    used 7646K, capacity 8071K, committed 8104K, reserved 1048576K
}
Event: 21.657 GC heap before
{Heap before GC invocations=14 (full 2):
 PSYoungGen      total 157696K, used 33247K [0x00000000d5580000, 0x00000000e2880000, 0x0000000100000000)
  eden space 143360K, 13% used [0x00000000d5580000,0x00000000d67faee0,0x00000000de180000)
  from space 14336K, 99% used [0x00000000de180000,0x00000000def7d050,0x00000000def80000)
  to   space 18944K, 0% used [0x00000000e1600000,0x00000000e1600000,0x00000000e2880000)
 ParOldGen       total 86016K, used 25700K [0x0000000080000000, 0x0000000085400000, 0x00000000d5580000)
  object space 86016K, 29% used [0x0000000080000000,0x0000000081919348,0x0000000085400000)
 Metaspace       used 57105K, capacity 59062K, committed 59160K, reserved 1099776K
  class space    used 7834K, capacity 8294K, committed 8360K, reserved 1048576K
Event: 21.682 GC heap after
Heap after GC invocations=14 (full 2):
 PSYoungGen      total 196608K, used 2001K [0x00000000d5580000, 0x00000000e3d00000, 0x0000000100000000)
  eden space 177664K, 0% used [0x00000000d5580000,0x00000000d5580000,0x00000000e0300000)
  from space 18944K, 10% used [0x00000000e1600000,0x00000000e17f47e8,0x00000000e2880000)
  to   space 19456K, 0% used [0x00000000e0300000,0x00000000e0300000,0x00000000e1600000)
 ParOldGen       total 86016K, used 33318K [0x0000000080000000, 0x0000000085400000, 0x00000000d5580000)
  object space 86016K, 38% used [0x0000000080000000,0x00000000820899b8,0x0000000085400000)
 Metaspace       used 57105K, capacity 59062K, committed 59160K, reserved 1099776K
  class space    used 7834K, capacity 8294K, committed 8360K, reserved 1048576K
}
Event: 21.682 GC heap before
{Heap before GC invocations=15 (full 3):
 PSYoungGen      total 196608K, used 2001K [0x00000000d5580000, 0x00000000e3d00000, 0x0000000100000000)
  eden space 177664K, 0% used [0x00000000d5580000,0x00000000d5580000,0x00000000e0300000)
  from space 18944K, 10% used [0x00000000e1600000,0x00000000e17f47e8,0x00000000e2880000)
  to   space 19456K, 0% used [0x00000000e0300000,0x00000000e0300000,0x00000000e1600000)
 ParOldGen       total 86016K, used 33318K [0x0000000080000000, 0x0000000085400000, 0x00000000d5580000)
  object space 86016K, 38% used [0x0000000080000000,0x00000000820899b8,0x0000000085400000)
 Metaspace       used 57105K, capacity 59062K, committed 59160K, reserved 1099776K
  class space    used 7834K, capacity 8294K, committed 8360K, reserved 1048576K
Event: 22.015 GC heap after
Heap after GC invocations=15 (full 3):
 PSYoungGen      total 196608K, used 0K [0x00000000d5580000, 0x00000000e3d00000, 0x0000000100000000)
  eden space 177664K, 0% used [0x00000000d5580000,0x00000000d5580000,0x00000000e0300000)
  from space 18944K, 0% used [0x00000000e1600000,0x00000000e1600000,0x00000000e2880000)
  to   space 19456K, 0% used [0x00000000e0300000,0x00000000e0300000,0x00000000e1600000)
 ParOldGen       total 121856K, used 28702K [0x0000000080000000, 0x0000000087700000, 0x00000000d5580000)
  object space 121856K, 23% used [0x0000000080000000,0x0000000081c07be0,0x0000000087700000)
 Metaspace       used 57094K, capacity 59026K, committed 59160K, reserved 1099776K
  class space    used 7831K, capacity 8288K, committed 8360K, reserved 1048576K
}
Event: 28.500 GC heap before
{Heap before GC invocations=16 (full 3):
 PSYoungGen      total 196608K, used 177664K [0x00000000d5580000, 0x00000000e3d00000, 0x0000000100000000)
  eden space 177664K, 100% used [0x00000000d5580000,0x00000000e0300000,0x00000000e0300000)
  from space 18944K, 0% used [0x00000000e1600000,0x00000000e1600000,0x00000000e2880000)
  to   space 19456K, 0% used [0x00000000e0300000,0x00000000e0300000,0x00000000e1600000)
 ParOldGen       total 121856K, used 28702K [0x0000000080000000, 0x0000000087700000, 0x00000000d5580000)
  object space 121856K, 23% used [0x0000000080000000,0x0000000081c07be0,0x0000000087700000)
 Metaspace       used 64845K, capacity 67580K, committed 67752K, reserved 1107968K
  class space    used 8825K, capacity 9367K, committed 9384K, reserved 1048576K
Event: 28.528 GC heap after
Heap after GC invocations=16 (full 3):
 PSYoungGen      total 197120K, used 17257K [0x00000000d5580000, 0x00000000e6000000, 0x0000000100000000)
  eden space 177664K, 0% used [0x00000000d5580000,0x00000000d5580000,0x00000000e0300000)
  from space 19456K, 88% used [0x00000000e0300000,0x00000000e13da798,0x00000000e1600000)
  to   space 21504K, 0% used [0x00000000e4b00000,0x00000000e4b00000,0x00000000e6000000)
 ParOldGen       total 121856K, used 28710K [0x0000000080000000, 0x0000000087700000, 0x00000000d5580000)
  object space 121856K, 23% used [0x0000000080000000,0x0000000081c09be0,0x0000000087700000)
 Metaspace       used 64845K, capacity 67580K, committed 67752K, reserved 1107968K
  class space    used 8825K, capacity 9367K, committed 9384K, reserved 1048576K
}

