# JRE version: OpenJDK Runtime Environment (8.0_242-b01) (build 1.8.0_242-release-1644-b01)
# Java VM: OpenJDK 64-Bit Server VM (25.242-b01 mixed mode windows-amd64 compressed oops)
Heap:
 PSYoungGen      total 76800K, used 49993K [0x00000000d5580000, 0x00000000dd300000, 0x0000000100000000)
  eden space 66048K, 61% used [0x00000000d5580000,0x00000000d7d73780,0x00000000d9600000)
  from space 10752K, 84% used [0x00000000d9600000,0x00000000d9edef58,0x00000000da080000)
  to   space 11776K, 0% used [0x00000000dc780000,0x00000000dc780000,0x00000000dd300000)
 ParOldGen       total 59392K, used 8677K [0x0000000080000000, 0x0000000083a00000, 0x00000000d5580000)
  object space 59392K, 14% used [0x0000000080000000,0x0000000080879548,0x0000000083a00000)
 Metaspace       used 31454K, capacity 32150K, committed 32432K, reserved 1077248K
  class space    used 4276K, capacity 4504K, committed 4528K, reserved 1048576K
GC Heap History (10 events):
Event: 5.796 GC heap before
{Heap before GC invocations=4 (full 0):
 PSYoungGen      total 38400K, used 38368K [0x00000000d5580000, 0x00000000d8000000, 0x0000000100000000)
  eden space 33280K, 100% used [0x00000000d5580000,0x00000000d7600000,0x00000000d7600000)
  from space 5120K, 99% used [0x00000000d7600000,0x00000000d7af8308,0x00000000d7b00000)
  to   space 5120K, 0% used [0x00000000d7b00000,0x00000000d7b00000,0x00000000d8000000)
 ParOldGen       total 87552K, used 1399K [0x0000000080000000, 0x0000000085580000, 0x00000000d5580000)
  object space 87552K, 1% used [0x0000000080000000,0x000000008015ddb8,0x0000000085580000)
 Metaspace       used 15559K, capacity 15978K, committed 16128K, reserved 1062912K
  class space    used 2088K, capacity 2251K, committed 2304K, reserved 1048576K
Event: 5.807 GC heap after
Heap after GC invocations=4 (full 0):
 PSYoungGen      total 38400K, used 5088K [0x00000000d5580000, 0x00000000d8000000, 0x0000000100000000)
  eden space 33280K, 0% used [0x00000000d5580000,0x00000000d5580000,0x00000000d7600000)
  from space 5120K, 99% used [0x00000000d7b00000,0x00000000d7ff8020,0x00000000d8000000)
  to   space 5120K, 0% used [0x00000000d7600000,0x00000000d7600000,0x00000000d7b00000)
 ParOldGen       total 87552K, used 3970K [0x0000000080000000, 0x0000000085580000, 0x00000000d5580000)
  object space 87552K, 4% used [0x0000000080000000,0x00000000803e09e0,0x0000000085580000)
 Metaspace       used 15559K, capacity 15978K, committed 16128K, reserved 1062912K
  class space    used 2088K, capacity 2251K, committed 2304K, reserved 1048576K
}
Event: 6.611 GC heap before
{Heap before GC invocations=5 (full 0):
 PSYoungGen      total 38400K, used 38368K [0x00000000d5580000, 0x00000000d8000000, 0x0000000100000000)
  eden space 33280K, 100% used [0x00000000d5580000,0x00000000d7600000,0x00000000d7600000)
  from space 5120K, 99% used [0x00000000d7b00000,0x00000000d7ff8020,0x00000000d8000000)
  to   space 5120K, 0% used [0x00000000d7600000,0x00000000d7600000,0x00000000d7b00000)
 ParOldGen       total 87552K, used 3970K [0x0000000080000000, 0x0000000085580000, 0x00000000d5580000)
  object space 87552K, 4% used [0x0000000080000000,0x00000000803e09e0,0x0000000085580000)
 Metaspace       used 18602K, capacity 19202K, committed 19456K, reserved 1067008K
  class space    used 2560K, capacity 2767K, committed 2816K, reserved 1048576K
Event: 6.622 GC heap after
Heap after GC invocations=5 (full 0):
 PSYoungGen      total 38400K, used 5088K [0x00000000d5580000, 0x00000000daa80000, 0x0000000100000000)
  eden space 33280K, 0% used [0x00000000d5580000,0x00000000d5580000,0x00000000d7600000)
  from space 5120K, 99% used [0x00000000d7600000,0x00000000d7af8020,0x00000000d7b00000)
  to   space 10240K, 0% used [0x00000000da080000,0x00000000da080000,0x00000000daa80000)
 ParOldGen       total 87552K, used 7463K [0x0000000080000000, 0x0000000085580000, 0x00000000d5580000)
  object space 87552K, 8% used [0x0000000080000000,0x0000000080749f10,0x0000000085580000)
 Metaspace       used 18602K, capacity 19202K, committed 19456K, reserved 1067008K
  class space    used 2560K, capacity 2767K, committed 2816K, reserved 1048576K
}
Event: 7.291 GC heap before
{Heap before GC invocations=6 (full 0):
 PSYoungGen      total 38400K, used 33432K [0x00000000d5580000, 0x00000000daa80000, 0x0000000100000000)
  eden space 33280K, 85% used [0x00000000d5580000,0x00000000d712e058,0x00000000d7600000)
  from space 5120K, 99% used [0x00000000d7600000,0x00000000d7af8020,0x00000000d7b00000)
  to   space 10240K, 0% used [0x00000000da080000,0x00000000da080000,0x00000000daa80000)
 ParOldGen       total 87552K, used 7463K [0x0000000080000000, 0x0000000085580000, 0x00000000d5580000)
  object space 87552K, 8% used [0x0000000080000000,0x0000000080749f10,0x0000000085580000)
 Metaspace       used 20648K, capacity 21256K, committed 21296K, reserved 1067008K
  class space    used 2891K, capacity 3116K, committed 3120K, reserved 1048576K
Event: 7.304 GC heap after
Heap after GC invocations=6 (full 0):
 PSYoungGen      total 76288K, used 7886K [0x00000000d5580000, 0x00000000dab80000, 0x0000000100000000)
  eden space 66048K, 0% used [0x00000000d5580000,0x00000000d5580000,0x00000000d9600000)
  from space 10240K, 77% used [0x00000000da080000,0x00000000da833940,0x00000000daa80000)
  to   space 10752K, 0% used [0x00000000d9600000,0x00000000d9600000,0x00000000da080000)
 ParOldGen       total 87552K, used 7471K [0x0000000080000000, 0x0000000085580000, 0x00000000d5580000)
  object space 87552K, 8% used [0x0000000080000000,0x000000008074bf10,0x0000000085580000)
 Metaspace       used 20648K, capacity 21256K, committed 21296K, reserved 1067008K
  class space    used 2891K, capacity 3116K, committed 3120K, reserved 1048576K
}
Event: 7.304 GC heap before
{Heap before GC invocations=7 (full 1):
 PSYoungGen      total 76288K, used 7886K [0x00000000d5580000, 0x00000000dab80000, 0x0000000100000000)
  eden space 66048K, 0% used [0x00000000d5580000,0x00000000d5580000,0x00000000d9600000)
  from space 10240K, 77% used [0x00000000da080000,0x00000000da833940,0x00000000daa80000)
  to   space 10752K, 0% used [0x00000000d9600000,0x00000000d9600000,0x00000000da080000)
 ParOldGen       total 87552K, used 7471K [0x0000000080000000, 0x0000000085580000, 0x00000000d5580000)
  object space 87552K, 8% used [0x0000000080000000,0x000000008074bf10,0x0000000085580000)
 Metaspace       used 20648K, capacity 21256K, committed 21296K, reserved 1067008K
  class space    used 2891K, capacity 3116K, committed 3120K, reserved 1048576K
Event: 7.365 GC heap after
Heap after GC invocations=7 (full 1):
 PSYoungGen      total 76288K, used 0K [0x00000000d5580000, 0x00000000dab80000, 0x0000000100000000)
  eden space 66048K, 0% used [0x00000000d5580000,0x00000000d5580000,0x00000000d9600000)
  from space 10240K, 0% used [0x00000000da080000,0x00000000da080000,0x00000000daa80000)
  to   space 10752K, 0% used [0x00000000d9600000,0x00000000d9600000,0x00000000da080000)
 ParOldGen       total 59392K, used 8669K [0x0000000080000000, 0x0000000083a00000, 0x00000000d5580000)
  object space 59392K, 14% used [0x0000000080000000,0x0000000080877548,0x0000000083a00000)
 Metaspace       used 20648K, capacity 21256K, committed 21296K, reserved 1067008K
  class space    used 2891K, capacity 3116K, committed 3120K, reserved 1048576K
}
Event: 8.800 GC heap before
{Heap before GC invocations=8 (full 1):
 PSYoungGen      total 76288K, used 65280K [0x00000000d5580000, 0x00000000dab80000, 0x0000000100000000)
  eden space 66048K, 98% used [0x00000000d5580000,0x00000000d95400d0,0x00000000d9600000)
  from space 10240K, 0% used [0x00000000da080000,0x00000000da080000,0x00000000daa80000)
  to   space 10752K, 0% used [0x00000000d9600000,0x00000000d9600000,0x00000000da080000)
 ParOldGen       total 59392K, used 8669K [0x0000000080000000, 0x0000000083a00000, 0x00000000d5580000)
  object space 59392K, 14% used [0x0000000080000000,0x0000000080877548,0x0000000083a00000)
 Metaspace       used 28271K, capacity 28912K, committed 29232K, reserved 1075200K
  class space    used 3893K, capacity 4127K, committed 4144K, reserved 1048576K
Event: 8.814 GC heap after
Heap after GC invocations=8 (full 1):
 PSYoungGen      total 76800K, used 9083K [0x00000000d5580000, 0x00000000dd300000, 0x0000000100000000)
  eden space 66048K, 0% used [0x00000000d5580000,0x00000000d5580000,0x00000000d9600000)
  from space 10752K, 84% used [0x00000000d9600000,0x00000000d9edef58,0x00000000da080000)
  to   space 11776K, 0% used [0x00000000dc780000,0x00000000dc780000,0x00000000dd300000)
 ParOldGen       total 59392K, used 8677K [0x0000000080000000, 0x0000000083a00000, 0x00000000d5580000)
  object space 59392K, 14% used [0x0000000080000000,0x0000000080879548,0x0000000083a00000)
 Metaspace       used 28271K, capacity 28912K, committed 29232K, reserved 1075200K
  class space    used 3893K, capacity 4127K, committed 4144K, reserved 1048576K
}

